生成启动时间为 2017/6/20 10:01:23。
     1>项目“D:\louzi_GitHub\after graduation and before entry\Tetris\Tetris\Tetris\Tetris.vcxproj”在节点 2 上(Rebuild 个目标)。
     1>ClCompile:
         C:\Program Files (x86)\Microsoft Visual Studio 12.0\VC\bin\CL.exe /c /Zi /nologo /W3 /WX- /O2 /Oi /Oy- /GL /D WIN32 /D NDEBUG /D _WINDOWS /D _UNICODE /D UNICODE /Gm- /EHsc /MD /GS /Gy /fp:precise /Zc:wchar_t /Zc:forScope /Yc"stdafx.h" /Fp"Release\Tetris.pch" /Fo"Release\\" /Fd"Release\vc120.pdb" /Gd /TP /analyze- /errorReport:prompt stdafx.cpp
         stdafx.cpp
         C:\Program Files (x86)\Microsoft Visual Studio 12.0\VC\bin\CL.exe /c /Zi /nologo /W3 /WX- /O2 /Oi /Oy- /GL /D WIN32 /D NDEBUG /D _WINDOWS /D _UNICODE /D UNICODE /Gm- /EHsc /MD /GS /Gy /fp:precise /Zc:wchar_t /Zc:forScope /Yu"stdafx.h" /Fp"Release\Tetris.pch" /Fo"Release\\" /Fd"Release\vc120.pdb" /Gd /TP /analyze- /errorReport:prompt Tetris.cpp
         Tetris.cpp
     1>Tetris.cpp(431): warning C4244: “参数”: 从“time_t”转换到“unsigned int”，可能丢失数据
     1>Tetris.cpp(442): warning C4244: “参数”: 从“time_t”转换到“unsigned int”，可能丢失数据
     1>Tetris.cpp(592): warning C4244: “参数”: 从“time_t”转换到“unsigned int”，可能丢失数据
     1>Tetris.cpp(628): warning C4101: “temp”: 未引用的局部变量
       ResourceCompile:
         C:\Program Files (x86)\Windows Kits\8.1\bin\x86\rc.exe /D _UNICODE /D UNICODE /l"0x0409" /nologo /fo"Release\Tetris.res" Tetris.rc 
       Link:
         C:\Program Files (x86)\Microsoft Visual Studio 12.0\VC\bin\link.exe /ERRORREPORT:PROMPT /OUT:"D:\louzi_GitHub\after graduation and before entry\Tetris\Tetris\Release\Tetris.exe" /INCREMENTAL:NO /NOLOGO opencv_world310.lib opencv_world310d.lib kernel32.lib user32.lib gdi32.lib winspool.lib comdlg32.lib advapi32.lib shell32.lib ole32.lib oleaut32.lib uuid.lib odbc32.lib odbccp32.lib /MANIFEST /MANIFESTUAC:"level='asInvoker' uiAccess='false'" /manifest:embed /DEBUG /PDB:"D:\louzi_GitHub\after graduation and before entry\Tetris\Tetris\Release\Tetris.pdb" /SUBSYSTEM:WINDOWS /OPT:REF /OPT:ICF /LTCG /TLBID:1 /DYNAMICBASE /NXCOMPAT /IMPLIB:"D:\louzi_GitHub\after graduation and before entry\Tetris\Tetris\Release\Tetris.lib" /MACHINE:X86 /SAFESEH Release\Tetris.res
         Release\stdafx.obj
         Release\Tetris.obj
         正在生成代码
         已完成代码的生成
         Tetris.vcxproj -> D:\louzi_GitHub\after graduation and before entry\Tetris\Tetris\Release\Tetris.exe
     1>已完成生成项目“D:\louzi_GitHub\after graduation and before entry\Tetris\Tetris\Tetris\Tetris.vcxproj”(Rebuild 个目标)的操作。

生成成功。

已用时间 00:00:01.28
